RandomVoat - Tweet Sent - Tue Jan 12 17:00:11 EST 2016
RandomVoat - Tweet Sent - Tue Jan 12 18:00:07 EST 2016
RandomVoat - Tweet Sent - Tue Jan 12 19:00:06 EST 2016
RandomVoat - Tweet Sent - Tue Jan 12 20:00:07 EST 2016
RandomVoat - Tweet Sent - Tue Jan 12 21:00:06 EST 2016
RandomVoat - Tweet Sent - Tue Jan 12 22:00:10 EST 2016
RandomVoat - Tweet Sent - Tue Jan 12 23:00:06 EST 2016
RandomVoat - Tweet Sent - Wed Jan 13 00:00:07 EST 2016
RandomVoat - Tweet Sent - Wed Jan 13 01:00:06 EST 2016
RandomVoat - Tweet Sent - Wed Jan 13 02:00:06 EST 2016
RandomVoat - Tweet Sent - Wed Jan 13 03:00:06 EST 2016
RandomVoat - Tweet Sent - Wed Jan 13 04:00:06 EST 2016
RandomVoat - Tweet Sent - Wed Jan 13 05:00:06 EST 2016
RandomVoat - Tweet Sent - Wed Jan 13 06:00:07 EST 2016
RandomVoat - Tweet Sent - Wed Jan 13 07:00:06 EST 2016
RandomVoat - Tweet Sent - Wed Jan 13 08:00:07 EST 2016
RandomVoat - Tweet Sent - Wed Jan 13 09:00:06 EST 2016
RandomVoat - Tweet Sent - Wed Jan 13 10:00:07 EST 2016
RandomVoat - Tweet Sent - Wed Jan 13 11:00:06 EST 2016
RandomVoat - Tweet Sent - Wed Jan 13 12:00:07 EST 2016
RandomVoat - Tweet Sent - Wed Jan 13 13:00:06 EST 2016
RandomVoat - Tweet Sent - Wed Jan 13 14:00:06 EST 2016
RandomVoat - Tweet Sent - Wed Jan 13 15:00:06 EST 2016
RandomVoat - Tweet Sent - Wed Jan 13 16:00:06 EST 2016
RandomVoat - Tweet Sent - Wed Jan 13 17:00:07 EST 2016
RandomVoat - Tweet Sent - Wed Jan 13 18:00:06 EST 2016
RandomVoat - Tweet Sent - Wed Jan 13 19:00:06 EST 2016
RandomVoat - Tweet Sent - Wed Jan 13 20:00:06 EST 2016
RandomVoat - Tweet Sent - Wed Jan 13 21:00:06 EST 2016
RandomVoat - Tweet Sent - Wed Jan 13 22:00:11 EST 2016
RandomVoat - Tweet Sent - Wed Jan 13 23:00:06 EST 2016
RandomVoat - Tweet Sent - Thu Jan 14 00:00:06 EST 2016
RandomVoat - Tweet Sent - Thu Jan 14 01:00:06 EST 2016
RandomVoat - Tweet Sent - Thu Jan 14 02:00:12 EST 2016
RandomVoat - Tweet Sent - Thu Jan 14 03:00:12 EST 2016
RandomVoat - Tweet Sent - Thu Jan 14 04:00:11 EST 2016
RandomVoat - Tweet Sent - Thu Jan 14 05:00:07 EST 2016
RandomVoat - Tweet Sent - Thu Jan 14 06:00:25 EST 2016
RandomVoat - Tweet Sent - Thu Jan 14 07:00:06 EST 2016
RandomVoat - Tweet Sent - Thu Jan 14 08:00:06 EST 2016
RandomVoat - Tweet Sent - Thu Jan 14 09:00:07 EST 2016
RandomVoat - Tweet Sent - Thu Jan 14 10:00:06 EST 2016
RandomVoat - Tweet Sent - Thu Jan 14 11:00:07 EST 2016
RandomVoat - Tweet Sent - Thu Jan 14 12:00:07 EST 2016
RandomVoat - Tweet Sent - Thu Jan 14 13:00:06 EST 2016
RandomVoat - Tweet Sent - Thu Jan 14 14:00:06 EST 2016
RandomVoat - Tweet Sent - Thu Jan 14 15:00:10 EST 2016
RandomVoat - Tweet Sent - Thu Jan 14 16:00:06 EST 2016
RandomVoat - Tweet Sent - Thu Jan 14 17:00:07 EST 2016
RandomVoat - Tweet Sent - Thu Jan 14 18:00:06 EST 2016
RandomVoat - Tweet Sent - Thu Jan 14 19:00:07 EST 2016
RandomVoat - Tweet Sent - Thu Jan 14 20:00:06 EST 2016
RandomVoat - Tweet Sent - Thu Jan 14 21:00:06 EST 2016
RandomVoat - Tweet Sent - Thu Jan 14 22:00:06 EST 2016
RandomVoat - Tweet Sent - Thu Jan 14 23:00:07 EST 2016
RandomVoat - Tweet Sent - Fri Jan 15 00:00:06 EST 2016
RandomVoat - Tweet Sent - Fri Jan 15 01:00:06 EST 2016
RandomVoat - Tweet Sent - Fri Jan 15 02:00:11 EST 2016
RandomVoat - Tweet Sent - Fri Jan 15 03:00:07 EST 2016
RandomVoat - Tweet Sent - Fri Jan 15 04:00:06 EST 2016
RandomVoat - Tweet Sent - Fri Jan 15 05:00:06 EST 2016
RandomVoat - Tweet Sent - Fri Jan 15 06:00:06 EST 2016
RandomVoat - Tweet Sent - Fri Jan 15 07:00:06 EST 2016
RandomVoat - Tweet Sent - Fri Jan 15 08:00:06 EST 2016
RandomVoat - Tweet Sent - Fri Jan 15 09:00:06 EST 2016
RandomVoat - Tweet Sent - Fri Jan 15 10:00:06 EST 2016
RandomVoat - Tweet Sent - Fri Jan 15 11:00:06 EST 2016
RandomVoat - Tweet Sent - Fri Jan 15 12:00:06 EST 2016
RandomVoat - Tweet Sent - Fri Jan 15 13:00:06 EST 2016
RandomVoat - Tweet Sent - Fri Jan 15 14:00:06 EST 2016
RandomVoat - Tweet Sent - Fri Jan 15 15:00:06 EST 2016
RandomVoat - Tweet Sent - Fri Jan 15 16:00:07 EST 2016
RandomVoat - Tweet Sent - Fri Jan 15 17:00:06 EST 2016
RandomVoat - Tweet Sent - Fri Jan 15 18:00:07 EST 2016
RandomVoat - Tweet Sent - Fri Jan 15 19:00:07 EST 2016
RandomVoat - Tweet Sent - Fri Jan 15 20:00:06 EST 2016
RandomVoat - Tweet Sent - Fri Jan 15 21:00:07 EST 2016
RandomVoat - Tweet Sent - Fri Jan 15 22:00:06 EST 2016
RandomVoat - Tweet Sent - Fri Jan 15 23:00:06 EST 2016
RandomVoat - Tweet Sent - Sat Jan 16 00:00:07 EST 2016
RandomVoat - Tweet Sent - Sat Jan 16 01:00:06 EST 2016
RandomVoat - Tweet Sent - Sat Jan 16 02:00:07 EST 2016
RandomVoat - Tweet Sent - Sat Jan 16 03:00:06 EST 2016
RandomVoat - Tweet Sent - Sat Jan 16 04:00:06 EST 2016
RandomVoat - Tweet Sent - Sat Jan 16 05:00:06 EST 2016
RandomVoat - Tweet Sent - Sat Jan 16 06:00:06 EST 2016
RandomVoat - Tweet Sent - Sat Jan 16 07:00:06 EST 2016
RandomVoat - Tweet Sent - Sat Jan 16 08:00:11 EST 2016
RandomVoat - Tweet Sent - Sat Jan 16 09:00:10 EST 2016
RandomVoat - Tweet Sent - Sat Jan 16 10:00:06 EST 2016
RandomVoat - Tweet Sent - Sat Jan 16 11:00:06 EST 2016
RandomVoat - Tweet Sent - Sat Jan 16 12:00:07 EST 2016
RandomVoat - Tweet Sent - Sat Jan 16 13:00:06 EST 2016
RandomVoat - Tweet Sent - Sat Jan 16 14:00:06 EST 2016
RandomVoat - Tweet Sent - Sat Jan 16 15:00:11 EST 2016
RandomVoat - Tweet Sent - Sat Jan 16 16:00:06 EST 2016
RandomVoat - Tweet Sent - Sat Jan 16 17:00:13 EST 2016
RandomVoat - Tweet Sent - Sat Jan 16 18:00:07 EST 2016
RandomVoat - Tweet Sent - Sat Jan 16 19:00:06 EST 2016
RandomVoat - Tweet Sent - Sat Jan 16 20:00:07 EST 2016
RandomVoat - Tweet Sent - Sat Jan 16 21:00:06 EST 2016
RandomVoat - Tweet Sent - Sat Jan 16 22:00:06 EST 2016
RandomVoat - Tweet Sent - Sat Jan 16 23:00:06 EST 2016
RandomVoat - Tweet Sent - Sun Jan 17 00:00:06 EST 2016
RandomVoat - Tweet Sent - Sun Jan 17 01:00:06 EST 2016
RandomVoat - Tweet Sent - Sun Jan 17 02:00:07 EST 2016
RandomVoat - Tweet Sent - Sun Jan 17 03:00:06 EST 2016
RandomVoat - Tweet Sent - Sun Jan 17 04:00:06 EST 2016
RandomVoat - Tweet Sent - Sun Jan 17 05:00:06 EST 2016
RandomVoat - Tweet Sent - Sun Jan 17 06:00:07 EST 2016
RandomVoat - Tweet Sent - Sun Jan 17 07:00:07 EST 2016
RandomVoat - Tweet Sent - Sun Jan 17 08:00:06 EST 2016
RandomVoat - Tweet Sent - Sun Jan 17 09:00:07 EST 2016
RandomVoat - Tweet Sent - Sun Jan 17 10:00:07 EST 2016
RandomVoat - Tweet Sent - Sun Jan 17 11:00:06 EST 2016
RandomVoat - Tweet Sent - Sun Jan 17 12:00:07 EST 2016
RandomVoat - Tweet Sent - Sun Jan 17 13:00:06 EST 2016
RandomVoat - Tweet Sent - Sun Jan 17 14:00:06 EST 2016
RandomVoat - Tweet Sent - Sun Jan 17 15:00:06 EST 2016
RandomVoat - Tweet Sent - Sun Jan 17 16:00:07 EST 2016
RandomVoat - Tweet Sent - Sun Jan 17 17:00:07 EST 2016
RandomVoat - Tweet Sent - Sun Jan 17 18:00:06 EST 2016
RandomVoat - Tweet Sent - Sun Jan 17 19:00:06 EST 2016
RandomVoat - Tweet Sent - Sun Jan 17 20:00:06 EST 2016
RandomVoat - Tweet Sent - Sun Jan 17 21:00:07 EST 2016
RandomVoat - Tweet Sent - Sun Jan 17 22:00:11 EST 2016
RandomVoat - Tweet Sent - Sun Jan 17 23:00:06 EST 2016
RandomVoat - Tweet Sent - Mon Jan 18 00:00:06 EST 2016
RandomVoat - Tweet Sent - Mon Jan 18 01:00:07 EST 2016
RandomVoat - Tweet Sent - Mon Jan 18 02:00:11 EST 2016
RandomVoat - Tweet Sent - Mon Jan 18 03:00:06 EST 2016
RandomVoat - Tweet Sent - Mon Jan 18 04:00:06 EST 2016
RandomVoat - Tweet Sent - Mon Jan 18 05:00:06 EST 2016
RandomVoat - Tweet Sent - Mon Jan 18 06:00:06 EST 2016
RandomVoat - Tweet Sent - Mon Jan 18 07:00:06 EST 2016
RandomVoat - Tweet Sent - Mon Jan 18 08:00:06 EST 2016
RandomVoat - Tweet Sent - Mon Jan 18 09:00:06 EST 2016
RandomVoat - Tweet Sent - Mon Jan 18 10:00:06 EST 2016
RandomVoat - Tweet Sent - Mon Jan 18 11:00:07 EST 2016
RandomVoat - Tweet Sent - Mon Jan 18 12:00:06 EST 2016
RandomVoat - Tweet Sent - Mon Jan 18 13:00:06 EST 2016
RandomVoat - Tweet Sent - Mon Jan 18 14:00:07 EST 2016
RandomVoat - Tweet Sent - Mon Jan 18 15:00:11 EST 2016
RandomVoat - Tweet Sent - Mon Jan 18 16:00:06 EST 2016
RandomVoat - Tweet Sent - Mon Jan 18 17:00:07 EST 2016
RandomVoat - Tweet Sent - Mon Jan 18 18:00:06 EST 2016
RandomVoat - Tweet Sent - Mon Jan 18 19:00:06 EST 2016
RandomVoat - Tweet Sent - Mon Jan 18 20:00:06 EST 2016
RandomVoat - Tweet Sent - Mon Jan 18 21:00:06 EST 2016
RandomVoat - Tweet Sent - Mon Jan 18 22:00:06 EST 2016
RandomVoat - Tweet Sent - Mon Jan 18 23:00:07 EST 2016
RandomVoat - Tweet Sent - Tue Jan 19 00:00:06 EST 2016
RandomVoat - Tweet Sent - Tue Jan 19 01:00:06 EST 2016
RandomVoat - Tweet Sent - Tue Jan 19 02:00:06 EST 2016
RandomVoat - Tweet Sent - Tue Jan 19 03:00:06 EST 2016
RandomVoat - Tweet Sent - Tue Jan 19 06:00:09 EST 2016
RandomVoat - Tweet Sent - Tue Jan 19 07:00:10 EST 2016
RandomVoat - Tweet Sent - Tue Jan 19 08:00:09 EST 2016
RandomVoat - Tweet Sent - Tue Jan 19 10:00:09 EST 2016
RandomVoat - Tweet Sent - Tue Jan 19 11:00:09 EST 2016
RandomVoat - Tweet Sent - Tue Jan 19 12:00:09 EST 2016
RandomVoat - Tweet Sent - Tue Jan 19 13:00:09 EST 2016
